Using pre-set license
Built from '2020.3/release' branch; Version is '2020.3.12f1 (b3b2c6512326) revision 11776710'; Using compiler version '192528614'; Build Type 'Release'
OS: 'Windows 10 Pro; OS build 18363.418; Version 1909; 64bit' Language: 'ru' Physical Memory: 6028 MB
BatchMode: 1, IsHumanControllingUs: 0, StartBugReporterOnCrash: 0, Is64bit: 1, IsPro: 0

 COMMAND LINE ARGUMENTS:
S:\Unity\2020.3.12f1\Editor\Unity.exe
-adb2
-batchMode
-noUpm
-name
AssetImportWorker0
-projectPath
S:/Unity/CharacterMove
-logFile
Logs/AssetImportWorker0.log
-srvPort
51935
Successfully changed project path to: S:/Unity/CharacterMove
S:/Unity/CharacterMove
Using Asset Import Pipeline V2.
Refreshing native plugins compatible for Editor in 40.68 ms, found 2 plugins.
Preloading 0 native plugins for Editor in 0.00 ms.
Initialize engine version: 2020.3.12f1 (b3b2c6512326)
[Subsystems] Discovering subsystems at path S:/Unity/2020.3.12f1/Editor/Data/Resources/UnitySubsystems
[Subsystems] Discovering subsystems at path S:/Unity/CharacterMove/Assets
GfxDevice: creating device client; threaded=0
Direct3D:
    Version:  Direct3D 11.0 [level 11.0]
    Renderer: NVIDIA GeForce 940M (ID=0x1347)
    Vendor:   
    VRAM:     2010 MB
    Driver:   27.21.14.5167
Initialize mono
Mono path[0] = 'S:/Unity/2020.3.12f1/Editor/Data/Managed'
Mono path[1] = 'S:/Unity/2020.3.12f1/Editor/Data/MonoBleedingEdge/lib/mono/unityjit'
Mono config path = 'S:/Unity/2020.3.12f1/Editor/Data/MonoBleedingEdge/etc'
Using monoOptions --debugger-agent=transport=dt_socket,embedding=1,server=y,suspend=n,address=127.0.0.1:56136
Begin MonoManager ReloadAssembly
Registering precompiled unity dll's ...
Register platform support module: S:/Unity/2020.3.12f1/Editor/Data/PlaybackEngines/WebGLSupport/UnityEditor.WebGL.Extensions.dll
Register platform support module: S:/Unity/2020.3.12f1/Editor/Data/PlaybackEngines/WindowsStandaloneSupport/UnityEditor.WindowsStandalone.Extensions.dll
Registered in 0.003916 seconds.
Native extension for WindowsStandalone target not found
Native extension for WebGL target not found
Refreshing native plugins compatible for Editor in 34.34 ms, found 2 plugins.
Preloading 0 native plugins for Editor in 0.00 ms.
Mono: successfully reloaded assembly
- Completed reload, in  2.370 seconds
Platform modules already initialized, skipping
Registering precompiled user dll's ...
Registered in 0.015538 seconds.
Begin MonoManager ReloadAssembly
Native extension for WindowsStandalone target not found
Native extension for WebGL target not found
Refreshing native plugins compatible for Editor in 0.36 ms, found 2 plugins.
Preloading 0 native plugins for Editor in 0.00 ms.
Mono: successfully reloaded assembly
- Completed reload, in  1.316 seconds
Platform modules already initialized, skipping
========================================================================
Worker process is ready to serve import requests
Launched and connected shader compiler UnityShaderCompiler.exe after 0.05 seconds
Refreshing native plugins compatible for Editor in 0.41 ms, found 2 plugins.
Preloading 0 native plugins for Editor in 0.00 ms.
Unloading 1389 Unused Serialized files (Serialized files now loaded: 0)
System memory in use before: 77.8 MB.
System memory in use after: 77.9 MB.

Unloading 19 unused Assets to reduce memory usage. Loaded Objects now: 1838.
Total: 2.465200 ms (FindLiveObjects: 0.199500 ms CreateObjectMapping: 0.118500 ms MarkObjects: 2.030100 ms  DeleteObjects: 0.116000 ms)

AssetImportParameters requested are different than current active one (requested -> active):
  custom:framework-win-MediaFoundation: 216162199b28c13a410421893ffa2e32 -> 
  custom:video-decoder-ogg-theora: a1e56fd34408186e4bbccfd4996cb3dc -> 
  custom:container-muxer-webm: aa71ff27fc2769a1b78a27578f13a17b -> 
  custom:container-demuxer-webm: 4f35f7cbe854078d1ac9338744f61a02 -> 
  custom:container-demuxer-ogg: 62fdf1f143b41e24485cea50d1cbac27 -> 
  custom:video-encoder-webm-vp8: eb34c28f22e8b96e1ab97ce403110664 -> 
  custom:video-decoder-webm-vp8: 9c59270c3fd7afecdb556c50c9e8de78 -> 
  custom:audio-decoder-ogg-vorbis: bf7c407c2cedff20999df2af8eb42d56 -> 
  custom:audio-encoder-webm-vorbis: bf7c407c2cedff20999df2af8eb42d56 -> 
========================================================================
Received Import Request.
  path: Assets/Material/Character.physicMaterial
  artifactKey: Guid(af6dc4d66599b104fa274ed4183945ef) Importer(815301076,1909f56bfc062723c751e8b465ee728b)
Start importing Assets/Material/Character.physicMaterial using Guid(af6dc4d66599b104fa274ed4183945ef) Importer(815301076,1909f56bfc062723c751e8b465ee728b)  -> (artifact id: 'ec2cc220f8be95fda4bdda2d051d12e5') in 0.087481 seconds 
  Import took 0.092254 seconds .

========================================================================
Received Import Request.
  Time since last request: 0.000429 seconds.
  path: Assets/Material/Tree Grass.mat
  artifactKey: Guid(e758d45e54f6fc14287b40aebd8ace41) Importer(815301076,1909f56bfc062723c751e8b465ee728b)
Start importing Assets/Material/Tree Grass.mat using Guid(e758d45e54f6fc14287b40aebd8ace41) Importer(815301076,1909f56bfc062723c751e8b465ee728b)  -> (artifact id: '0512b78184a17927396bf29c2fe15fe3') in 0.180821 seconds 
  Import took 0.185495 seconds .

========================================================================
Received Import Request.
  Time since last request: 0.000274 seconds.
  path: Assets/Material/Coin.mat
  artifactKey: Guid(341bd4f5581907e4dab8983087bb66d3) Importer(815301076,1909f56bfc062723c751e8b465ee728b)
Start importing Assets/Material/Coin.mat using Guid(341bd4f5581907e4dab8983087bb66d3) Importer(815301076,1909f56bfc062723c751e8b465ee728b)  -> (artifact id: 'b7770c126a6d5c96d6fdc8ba4226117c') in 0.140197 seconds 
  Import took 0.144703 seconds .

========================================================================
Received Import Request.
  Time since last request: 3.156269 seconds.
  path: Assets/Material/Character.physicMaterial
  artifactKey: Guid(af6dc4d66599b104fa274ed4183945ef) Importer(815301076,1909f56bfc062723c751e8b465ee728b)
Start importing Assets/Material/Character.physicMaterial using Guid(af6dc4d66599b104fa274ed4183945ef) Importer(815301076,1909f56bfc062723c751e8b465ee728b)  -> (artifact id: 'ec2cc220f8be95fda4bdda2d051d12e5') in 0.004501 seconds 
  Import took 0.013308 seconds .

========================================================================
Received Prepare
Registering precompiled user dll's ...
Registered in 0.022786 seconds.
Begin MonoManager ReloadAssembly
Native extension for WindowsStandalone target not found
Native extension for WebGL target not found
Refreshing native plugins compatible for Editor in 0.62 ms, found 2 plugins.
Preloading 0 native plugins for Editor in 0.00 ms.
Mono: successfully reloaded assembly
- Completed reload, in  2.365 seconds
Platform modules already initialized, skipping
Refreshing native plugins compatible for Editor in 0.63 ms, found 2 plugins.
Preloading 0 native plugins for Editor in 0.00 ms.
Unloading 1384 Unused Serialized files (Serialized files now loaded: 0)
System memory in use before: 81.2 MB.
System memory in use after: 81.3 MB.

Unloading 14 unused Assets to reduce memory usage. Loaded Objects now: 1881.
Total: 4.203600 ms (FindLiveObjects: 0.414500 ms CreateObjectMapping: 0.138000 ms MarkObjects: 3.443500 ms  DeleteObjects: 0.205300 ms)

AssetImportParameters requested are different than current active one (requested -> active):
  custom:framework-win-MediaFoundation: 216162199b28c13a410421893ffa2e32 -> 
  custom:video-decoder-ogg-theora: a1e56fd34408186e4bbccfd4996cb3dc -> 
  custom:container-muxer-webm: aa71ff27fc2769a1b78a27578f13a17b -> 
  custom:container-demuxer-webm: 4f35f7cbe854078d1ac9338744f61a02 -> 
  custom:container-demuxer-ogg: 62fdf1f143b41e24485cea50d1cbac27 -> 
  custom:video-encoder-webm-vp8: eb34c28f22e8b96e1ab97ce403110664 -> 
  custom:video-decoder-webm-vp8: 9c59270c3fd7afecdb556c50c9e8de78 -> 
  custom:audio-decoder-ogg-vorbis: bf7c407c2cedff20999df2af8eb42d56 -> 
  custom:audio-encoder-webm-vorbis: bf7c407c2cedff20999df2af8eb42d56 -> 
